<?xml version="1.0" encoding="UTF-8"?>
<testng-results skipped="0" failed="1" ignored="0" total="2" passed="1">
  <reporter-output>
    <line>
      <![CDATA[<b>INFO: </b>TEST CASE: tests.vietjet.TS_ VietJet_ ThanhHoang.TC01]]>
    </line>
    <line>
      <![CDATA[<b>INFO: </b>1. Navigate to 'https://www.vietjetair.com/Sites/Web/en-US/Home'.]]>
    </line>
    <line>
      <![CDATA[<b>INFO: </b>*** Executed TC01 test successfully...]]>
    </line>
    <line>
      <![CDATA[<b>INFO: </b>TEST CASE: tests.vietjet.TS_ VietJet_ ThanhHoang.TC02]]>
    </line>
    <line>
      <![CDATA[<b>INFO: </b>1. Navigate to 'https://www.vietjetair.com/Sites/Web/en-US/Home'.]]>
    </line>
    <line>
      <![CDATA[<b>INFO: </b>*** Test execution TC02 failed...]]>
    </line>
  </reporter-output>
  <suite name="Suite" duration-ms="36862" started-at="2020-03-19T10:51:30 ICT" finished-at="2020-03-19T10:52:07 ICT">
    <groups>
    </groups>
    <test name="Run Chrome" duration-ms="36862" started-at="2020-03-19T10:51:30 ICT" finished-at="2020-03-19T10:52:07 ICT">
      <class name="tests.vietjet.TS_VietJet_ThanhHoang">
        <test-method status="PASS" signature="beforeMethod(java.lang.String, java.lang.String, java.lang.String)[pri:0, instance:tests.vietjet.TS_VietJet_ThanhHoang@6acdbdf5]" name="beforeMethod" is-config="true" duration-ms="6374" started-at="2020-03-19T10:51:31 ICT" finished-at="2020-03-19T10:51:37 ICT">
          <params>
            <param index="0">
              <value>
                <![CDATA[chrome.local]]>
              </value>
            </param>
            <param index="1">
              <value>
                <![CDATA[any]]>
              </value>
            </param>
            <param index="2">
              <value>
                <![CDATA[VietJet]]>
              </value>
            </param>
          </params>
          <reporter-output>
          </reporter-output>
        </test-method> <!-- beforeMethod -->
        <test-method status="PASS" signature="TC01()[pri:0, instance:tests.vietjet.TS_VietJet_ThanhHoang@6acdbdf5]" name="TC01" duration-ms="439" started-at="2020-03-19T10:51:37 ICT" description="Search and choose tickets on a specific day successfully." finished-at="2020-03-19T10:51:37 ICT">
          <reporter-output>
            <line>
              <![CDATA[<b>INFO: </b>TEST CASE: tests.vietjet.TS_ VietJet_ ThanhHoang.TC01]]>
            </line>
            <line>
              <![CDATA[<b>INFO: </b>1. Navigate to 'https://www.vietjetair.com/Sites/Web/en-US/Home'.]]>
            </line>
            <line>
              <![CDATA[<b>INFO: </b>*** Executed TC01 test successfully...]]>
            </line>
          </reporter-output>
        </test-method> <!-- TC01 -->
        <test-method status="PASS" signature="cleanUp(org.testng.ITestResult)[pri:0, instance:tests.vietjet.TS_VietJet_ThanhHoang@6acdbdf5]" name="cleanUp" is-config="true" duration-ms="800" started-at="2020-03-19T10:51:37 ICT" finished-at="2020-03-19T10:51:38 ICT">
          <params>
            <param index="0">
              <value>
                <![CDATA[[TestResult name=TC01 status=SUCCESS method=TS_VietJet_ThanhHoang.TC01()[pri:0, instance:tests.vietjet.TS_VietJet_ThanhHoang@6acdbdf5] output=<b>INFO: </b>TEST CASE: tests.vietjet.TS_ VietJet_ ThanhHoang.TC01]]]>
              </value>
            </param>
          </params>
          <reporter-output>
          </reporter-output>
        </test-method> <!-- cleanUp -->
        <test-method status="PASS" signature="beforeMethod(java.lang.String, java.lang.String, java.lang.String)[pri:0, instance:tests.vietjet.TS_VietJet_ThanhHoang@6acdbdf5]" name="beforeMethod" is-config="true" duration-ms="27042" started-at="2020-03-19T10:51:38 ICT" finished-at="2020-03-19T10:52:05 ICT">
          <params>
            <param index="0">
              <value>
                <![CDATA[chrome.local]]>
              </value>
            </param>
            <param index="1">
              <value>
                <![CDATA[any]]>
              </value>
            </param>
            <param index="2">
              <value>
                <![CDATA[VietJet]]>
              </value>
            </param>
          </params>
          <reporter-output>
          </reporter-output>
        </test-method> <!-- beforeMethod -->
        <test-method status="FAIL" signature="TC02()[pri:0, instance:tests.vietjet.TS_VietJet_ThanhHoang@6acdbdf5]" name="TC02" duration-ms="220" started-at="2020-03-19T10:52:05 ICT" description="Search and choose tickets on a specific day successfully." finished-at="2020-03-19T10:52:05 ICT">
          <exception class="java.lang.AssertionError">
            <message>
              <![CDATA[expected [False] but found [true]]]>
            </message>
            <full-stacktrace>
              <![CDATA[java.lang.AssertionError: expected [False] but found [true]
at org.testng.Assert.fail(Assert.java:97)
at org.testng.Assert.assertEqualsImpl(Assert.java:136)
at org.testng.Assert.assertEquals(Assert.java:118)
at org.testng.Assert.assertEquals(Assert.java:563)
at pages.vietjet.HomePage.checkControlNotDisplay(HomePage.java:23)
at tests.vietjet.TS_VietJet_ThanhHoang.TC02(TS_VietJet_ThanhHoang.java:23)
at sun.reflect.NativeMethodAccessorImpl.invoke0(Native Method)
at sun.reflect.NativeMethodAccessorImpl.invoke(NativeMethodAccessorImpl.java:62)
at sun.reflect.DelegatingMethodAccessorImpl.invoke(DelegatingMethodAccessorImpl.java:43)
at java.lang.reflect.Method.invoke(Method.java:497)
at org.testng.internal.MethodInvocationHelper.invokeMethod(MethodInvocationHelper.java:133)
at org.testng.internal.TestInvoker.invokeMethod(TestInvoker.java:584)
at org.testng.internal.TestInvoker.invokeTestMethod(TestInvoker.java:172)
at org.testng.internal.MethodRunner.runInSequence(MethodRunner.java:46)
at org.testng.internal.TestInvoker$MethodInvocationAgent.invoke(TestInvoker.java:804)
at org.testng.internal.TestInvoker.invokeTestMethods(TestInvoker.java:145)
at org.testng.internal.TestMethodWorker.invokeTestMethods(TestMethodWorker.java:146)
at org.testng.internal.TestMethodWorker.run(TestMethodWorker.java:128)
at java.util.concurrent.ThreadPoolExecutor.runWorker(ThreadPoolExecutor.java:1142)
at java.util.concurrent.ThreadPoolExecutor$Worker.run(ThreadPoolExecutor.java:617)
at java.lang.Thread.run(Thread.java:745)
]]>
            </full-stacktrace>
          </exception> <!-- java.lang.AssertionError -->
          <reporter-output>
            <line>
              <![CDATA[<b>INFO: </b>TEST CASE: tests.vietjet.TS_ VietJet_ ThanhHoang.TC02]]>
            </line>
            <line>
              <![CDATA[<b>INFO: </b>1. Navigate to 'https://www.vietjetair.com/Sites/Web/en-US/Home'.]]>
            </line>
            <line>
              <![CDATA[<b>INFO: </b>*** Test execution TC02 failed...]]>
            </line>
          </reporter-output>
        </test-method> <!-- TC02 -->
        <test-method status="PASS" signature="cleanUp(org.testng.ITestResult)[pri:0, instance:tests.vietjet.TS_VietJet_ThanhHoang@6acdbdf5]" name="cleanUp" is-config="true" duration-ms="848" started-at="2020-03-19T10:52:06 ICT" finished-at="2020-03-19T10:52:07 ICT">
          <params>
            <param index="0">
              <value>
                <![CDATA[[TestResult name=TC02 status=FAILURE method=TS_VietJet_ThanhHoang.TC02()[pri:0, instance:tests.vietjet.TS_VietJet_ThanhHoang@6acdbdf5] output=<b>INFO: </b>TEST CASE: tests.vietjet.TS_ VietJet_ ThanhHoang.TC02]]]>
              </value>
            </param>
          </params>
          <reporter-output>
          </reporter-output>
        </test-method> <!-- cleanUp -->
      </class> <!-- tests.vietjet.TS_VietJet_ThanhHoang -->
    </test> <!-- Run Chrome -->
  </suite> <!-- Suite -->
</testng-results>
