<?xml version="1.0" encoding="UTF-8"?>
<!-- Generated by org.testng.reporters.JUnitXMLReporter -->
<testsuite hostname="lgvn14410" ignored="0" name="Run Chrome" tests="1" failures="1" timestamp="2020-03-27T09:49:00 ICT" time="690.48" errors="0">
  <testcase name="TC02" time="683.608" classname="tests.VietJet.TS_VietJet_ThanhHoang">
    <failure type="org.openqa.selenium.TimeoutException" message="Timeout when wait for element &amp;apos;By.xpath: //div[@style=&amp;apos;float: left&amp;apos;]/h1&amp;apos; is &amp;apos;displayed&amp;apos; within 30 seconds
Build info: version: &amp;apos;3.11.0&amp;apos;, revision: &amp;apos;e59cfb3&amp;apos;, time: &amp;apos;2018-03-11T20:26:55.152Z&amp;apos;
System info: host: &amp;apos;LGVN14410&amp;apos;, ip: &amp;apos;192.168.170.212&amp;apos;, os.name: &amp;apos;Windows 10&amp;apos;, os.arch: &amp;apos;amd64&amp;apos;, os.version: &amp;apos;10.0&amp;apos;, java.version: &amp;apos;1.8.0_66&amp;apos;
Driver info: driver.version: unknown">
      <![CDATA[org.openqa.selenium.TimeoutException: Timeout when wait for element 'By.xpath: //div[@style='float: left']/h1' is 'displayed' within 30 seconds
Build info: version: '3.11.0', revision: 'e59cfb3', time: '2018-03-11T20:26:55.152Z'
System info: host: 'LGVN14410', ip: '192.168.170.212', os.name: 'Windows 10', os.arch: 'amd64', os.version: '10.0', java.version: '1.8.0_66'
Driver info: driver.version: unknown
at element.base.web.IWaiter.waitForCondition(IWaiter.java:95)
at element.base.web.IWaiter.waitForDisplayed(IWaiter.java:120)
at pages.VietJet.SelectTravelOptionsPage.getPageTitle(SelectTravelOptionsPage.java:191)
at tests.VietJet.TS_VietJet_ThanhHoang.TC02(TS_VietJet_ThanhHoang.java:52)
at java.util.concurrent.ThreadPoolExecutor.runWorker(ThreadPoolExecutor.java:1142)
at java.util.concurrent.ThreadPoolExecutor$Worker.run(ThreadPoolExecutor.java:617)
at java.lang.Thread.run(Thread.java:745)
... Removed 12 stack frames]]>
    </failure>
  </testcase> <!-- TC02 -->
</testsuite> <!-- Run Chrome -->
